I, [2022-02-02T15:00:12.436553 #15243]  INFO -- : Registered expected interaction GET /api/version
D, [2022-02-02T15:00:12.436747 #15243] DEBUG -- : {
  "description": "a request to get a product",
  "providerState": "hitting /api/version",
  "request": {
    "method": "GET",
    "path": "/api/version"
  },
  "response": {
    "status": 200,
    "headers": {
      "Content-Type": "application/json"
    },
    "body": "{\"metaData\":{},\"resource\":{\"versionInfo\":{\"version\":\"${build.fullVersion}\",\"buildNo\":\"${build.number}\",\"gitCommit\":\"${gitCommitId}\",\"gitBranch\":\"${gitBranch}\",\"timestamp\":\"${buildTimeStamp}\",\"patch\":\"${build.patch}\"},\"runtimeInfo\":{\"primary\":true,\"primaryVersion\":\"*\",\"deployMode\":\"SAAS\"}},\"responseMessages\":[]}"
  },
  "metadata": null
}
I, [2022-02-02T15:00:12.457215 #15243]  INFO -- : Received request GET /api/version
D, [2022-02-02T15:00:12.457312 #15243] DEBUG -- : {
  "path": "/api/version",
  "query": "",
  "method": "get",
  "headers": {
    "Accept": "application/json, text/plain, */*",
    "User-Agent": "axios/0.25.0",
    "Host": "localhost:1234",
    "Connection": "close",
    "Version": "HTTP/1.1"
  }
}
I, [2022-02-02T15:00:12.457646 #15243]  INFO -- : Found matching response for GET /api/version
D, [2022-02-02T15:00:12.457733 #15243] DEBUG -- : {
  "status": 200,
  "headers": {
    "Content-Type": "application/json"
  },
  "body": "{\"metaData\":{},\"resource\":{\"versionInfo\":{\"version\":\"${build.fullVersion}\",\"buildNo\":\"${build.number}\",\"gitCommit\":\"${gitCommitId}\",\"gitBranch\":\"${gitBranch}\",\"timestamp\":\"${buildTimeStamp}\",\"patch\":\"${build.patch}\"},\"runtimeInfo\":{\"primary\":true,\"primaryVersion\":\"*\",\"deployMode\":\"SAAS\"}},\"responseMessages\":[]}"
}
I, [2022-02-02T15:00:12.464602 #15243]  INFO -- : Verifying - interactions matched
I, [2022-02-02T15:00:12.468286 #15243]  INFO -- : Cleared interactions
I, [2022-02-02T15:00:12.474320 #15243]  INFO -- : Registered expected interaction GET /invalid
D, [2022-02-02T15:00:12.474438 #15243] DEBUG -- : {
  "description": "a request to get a product",
  "providerState": "invalid url",
  "request": {
    "method": "GET",
    "path": "/invalid"
  },
  "response": {
    "status": 404,
    "headers": {
    }
  },
  "metadata": null
}
I, [2022-02-02T15:00:12.478898 #15243]  INFO -- : Received request GET /invalid
D, [2022-02-02T15:00:12.479025 #15243] DEBUG -- : {
  "path": "/invalid",
  "query": "",
  "method": "get",
  "headers": {
    "Accept": "application/json, text/plain, */*",
    "User-Agent": "axios/0.25.0",
    "Host": "localhost:1234",
    "Connection": "close",
    "Version": "HTTP/1.1"
  }
}
I, [2022-02-02T15:00:12.479129 #15243]  INFO -- : Found matching response for GET /invalid
D, [2022-02-02T15:00:12.479181 #15243] DEBUG -- : {
  "status": 404,
  "headers": {
  }
}
I, [2022-02-02T15:00:12.488093 #15243]  INFO -- : Verifying - interactions matched
I, [2022-02-02T15:00:12.491958 #15243]  INFO -- : Cleared interactions
I, [2022-02-02T15:00:12.498388 #15243]  INFO -- : Writing pact for CG-Manager to /Users/devesh-mishra/Desktop/work/UI/harness-core-ui/pacts/ui-js-cg-manager.json
